D:\DCubeHotelManagement\FinalVersion\DCubeHotelSystem\DCubeHotelSystem\app\dist\out-tsc\app\directives\autofocus.directive.js
D:\DCubeHotelManagement\FinalVersion\DCubeHotelSystem\DCubeHotelSystem\app\dist\out-tsc\app\directives\autofocus.directive.js.map
D:\DCubeHotelManagement\FinalVersion\DCubeHotelSystem\DCubeHotelSystem\app\dist\out-tsc\app\directives\scrollbar.directive.js
D:\DCubeHotelManagement\FinalVersion\DCubeHotelSystem\DCubeHotelSystem\app\dist\out-tsc\app\directives\scrollbar.directive.js.map
D:\DCubeHotelManagement\FinalVersion\DCubeHotelSystem\DCubeHotelSystem\app\dist\out-tsc\app\directives\directives.module.js
D:\DCubeHotelManagement\FinalVersion\DCubeHotelSystem\DCubeHotelSystem\app\dist\out-tsc\app\directives\directives.module.js.map
D:\DCubeHotelManagement\FinalVersion\DCubeHotelSystem\DCubeHotelSystem\app\dist\out-tsc\app\filters\filterByCategory.filter.js
D:\DCubeHotelManagement\FinalVersion\DCubeHotelSystem\DCubeHotelSystem\app\dist\out-tsc\app\filters\filterByCategory.filter.js.map
D:\DCubeHotelManagement\FinalVersion\DCubeHotelSystem\DCubeHotelSystem\app\dist\out-tsc\app\filters\customerByName.filter.js
D:\DCubeHotelManagement\FinalVersion\DCubeHotelSystem\DCubeHotelSystem\app\dist\out-tsc\app\filters\customerByName.filter.js.map
D:\DCubeHotelManagement\FinalVersion\DCubeHotelSystem\DCubeHotelSystem\app\dist\out-tsc\app\filters\filters.module.js
D:\DCubeHotelManagement\FinalVersion\DCubeHotelSystem\DCubeHotelSystem\app\dist\out-tsc\app\filters\filters.module.js.map
D:\DCubeHotelManagement\FinalVersion\DCubeHotelSystem\DCubeHotelSystem\app\dist\out-tsc\app\models\ticket.model.js
D:\DCubeHotelManagement\FinalVersion\DCubeHotelSystem\DCubeHotelSystem\app\dist\out-tsc\app\models\ticket.model.js.map
D:\DCubeHotelManagement\FinalVersion\DCubeHotelSystem\DCubeHotelSystem\app\dist\out-tsc\app\models\order.model.js
D:\DCubeHotelManagement\FinalVersion\DCubeHotelSystem\DCubeHotelSystem\app\dist\out-tsc\app\models\order.model.js.map
D:\DCubeHotelManagement\FinalVersion\DCubeHotelSystem\DCubeHotelSystem\app\dist\out-tsc\app\actions\order.actions.js
D:\DCubeHotelManagement\FinalVersion\DCubeHotelSystem\DCubeHotelSystem\app\dist\out-tsc\app\actions\order.actions.js.map
D:\DCubeHotelManagement\FinalVersion\DCubeHotelSystem\DCubeHotelSystem\app\dist\out-tsc\app\adapters\order.adapter.js
D:\DCubeHotelManagement\FinalVersion\DCubeHotelSystem\DCubeHotelSystem\app\dist\out-tsc\app\adapters\order.adapter.js.map
D:\DCubeHotelManagement\FinalVersion\DCubeHotelSystem\DCubeHotelSystem\app\dist\out-tsc\app\reducers\orders.reducer.js
D:\DCubeHotelManagement\FinalVersion\DCubeHotelSystem\DCubeHotelSystem\app\dist\out-tsc\app\reducers\orders.reducer.js.map
D:\DCubeHotelManagement\FinalVersion\DCubeHotelSystem\DCubeHotelSystem\app\dist\out-tsc\app\models\table.model.js
D:\DCubeHotelManagement\FinalVersion\DCubeHotelSystem\DCubeHotelSystem\app\dist\out-tsc\app\models\table.model.js.map
D:\DCubeHotelManagement\FinalVersion\DCubeHotelSystem\DCubeHotelSystem\app\dist\out-tsc\app\actions\table.actions.js
D:\DCubeHotelManagement\FinalVersion\DCubeHotelSystem\DCubeHotelSystem\app\dist\out-tsc\app\actions\table.actions.js.map
D:\DCubeHotelManagement\FinalVersion\DCubeHotelSystem\DCubeHotelSystem\app\dist\out-tsc\app\adapters\table.adapter.js
D:\DCubeHotelManagement\FinalVersion\DCubeHotelSystem\DCubeHotelSystem\app\dist\out-tsc\app\adapters\table.adapter.js.map
D:\DCubeHotelManagement\FinalVersion\DCubeHotelSystem\DCubeHotelSystem\app\dist\out-tsc\app\reducers\tables.reducer.js
D:\DCubeHotelManagement\FinalVersion\DCubeHotelSystem\DCubeHotelSystem\app\dist\out-tsc\app\reducers\tables.reducer.js.map
D:\DCubeHotelManagement\FinalVersion\DCubeHotelSystem\DCubeHotelSystem\app\dist\out-tsc\app\models\category.model.js
D:\DCubeHotelManagement\FinalVersion\DCubeHotelSystem\DCubeHotelSystem\app\dist\out-tsc\app\models\category.model.js.map
D:\DCubeHotelManagement\FinalVersion\DCubeHotelSystem\DCubeHotelSystem\app\dist\out-tsc\app\actions\category.actions.js
D:\DCubeHotelManagement\FinalVersion\DCubeHotelSystem\DCubeHotelSystem\app\dist\out-tsc\app\actions\category.actions.js.map
D:\DCubeHotelManagement\FinalVersion\DCubeHotelSystem\DCubeHotelSystem\app\dist\out-tsc\app\adapters\category.adapter.js
D:\DCubeHotelManagement\FinalVersion\DCubeHotelSystem\DCubeHotelSystem\app\dist\out-tsc\app\adapters\category.adapter.js.map
D:\DCubeHotelManagement\FinalVersion\DCubeHotelSystem\DCubeHotelSystem\app\dist\out-tsc\app\reducers\categories.reducer.js
D:\DCubeHotelManagement\FinalVersion\DCubeHotelSystem\DCubeHotelSystem\app\dist\out-tsc\app\reducers\categories.reducer.js.map
D:\DCubeHotelManagement\FinalVersion\DCubeHotelSystem\DCubeHotelSystem\app\dist\out-tsc\app\models\user.model.js
D:\DCubeHotelManagement\FinalVersion\DCubeHotelSystem\DCubeHotelSystem\app\dist\out-tsc\app\models\user.model.js.map
D:\DCubeHotelManagement\FinalVersion\DCubeHotelSystem\DCubeHotelSystem\app\dist\out-tsc\app\actions\user.actions.js
D:\DCubeHotelManagement\FinalVersion\DCubeHotelSystem\DCubeHotelSystem\app\dist\out-tsc\app\actions\user.actions.js.map
D:\DCubeHotelManagement\FinalVersion\DCubeHotelSystem\DCubeHotelSystem\app\dist\out-tsc\app\reducers\users.reducer.js
D:\DCubeHotelManagement\FinalVersion\DCubeHotelSystem\DCubeHotelSystem\app\dist\out-tsc\app\reducers\users.reducer.js.map
D:\DCubeHotelManagement\FinalVersion\DCubeHotelSystem\DCubeHotelSystem\app\dist\out-tsc\app\models\product.model.js
D:\DCubeHotelManagement\FinalVersion\DCubeHotelSystem\DCubeHotelSystem\app\dist\out-tsc\app\models\product.model.js.map
D:\DCubeHotelManagement\FinalVersion\DCubeHotelSystem\DCubeHotelSystem\app\dist\out-tsc\app\actions\product.actions.js
D:\DCubeHotelManagement\FinalVersion\DCubeHotelSystem\DCubeHotelSystem\app\dist\out-tsc\app\actions\product.actions.js.map
D:\DCubeHotelManagement\FinalVersion\DCubeHotelSystem\DCubeHotelSystem\app\dist\out-tsc\app\adapters\product.adapter.js
D:\DCubeHotelManagement\FinalVersion\DCubeHotelSystem\DCubeHotelSystem\app\dist\out-tsc\app\adapters\product.adapter.js.map
D:\DCubeHotelManagement\FinalVersion\DCubeHotelSystem\DCubeHotelSystem\app\dist\out-tsc\app\reducers\products.reducer.js
D:\DCubeHotelManagement\FinalVersion\DCubeHotelSystem\DCubeHotelSystem\app\dist\out-tsc\app\reducers\products.reducer.js.map
D:\DCubeHotelManagement\FinalVersion\DCubeHotelSystem\DCubeHotelSystem\app\dist\out-tsc\app\models\customer.model.js
D:\DCubeHotelManagement\FinalVersion\DCubeHotelSystem\DCubeHotelSystem\app\dist\out-tsc\app\models\customer.model.js.map
D:\DCubeHotelManagement\FinalVersion\DCubeHotelSystem\DCubeHotelSystem\app\dist\out-tsc\app\actions\customer.actions.js
D:\DCubeHotelManagement\FinalVersion\DCubeHotelSystem\DCubeHotelSystem\app\dist\out-tsc\app\actions\customer.actions.js.map
D:\DCubeHotelManagement\FinalVersion\DCubeHotelSystem\DCubeHotelSystem\app\dist\out-tsc\app\adapters\customer.adapter.js
D:\DCubeHotelManagement\FinalVersion\DCubeHotelSystem\DCubeHotelSystem\app\dist\out-tsc\app\adapters\customer.adapter.js.map
D:\DCubeHotelManagement\FinalVersion\DCubeHotelSystem\DCubeHotelSystem\app\dist\out-tsc\app\reducers\customers.reducer.js
D:\DCubeHotelManagement\FinalVersion\DCubeHotelSystem\DCubeHotelSystem\app\dist\out-tsc\app\reducers\customers.reducer.js.map
D:\DCubeHotelManagement\FinalVersion\DCubeHotelSystem\DCubeHotelSystem\app\dist\out-tsc\app\actions\ticket.actions.js
D:\DCubeHotelManagement\FinalVersion\DCubeHotelSystem\DCubeHotelSystem\app\dist\out-tsc\app\actions\ticket.actions.js.map
D:\DCubeHotelManagement\FinalVersion\DCubeHotelSystem\DCubeHotelSystem\app\dist\out-tsc\app\adapters\ticket.adapter.js
D:\DCubeHotelManagement\FinalVersion\DCubeHotelSystem\DCubeHotelSystem\app\dist\out-tsc\app\adapters\ticket.adapter.js.map
D:\DCubeHotelManagement\FinalVersion\DCubeHotelSystem\DCubeHotelSystem\app\dist\out-tsc\app\reducers\tickets.reducer.js
D:\DCubeHotelManagement\FinalVersion\DCubeHotelSystem\DCubeHotelSystem\app\dist\out-tsc\app\reducers\tickets.reducer.js.map
D:\DCubeHotelManagement\FinalVersion\DCubeHotelSystem\DCubeHotelSystem\app\dist\out-tsc\app\mocks\orders.mock.js
D:\DCubeHotelManagement\FinalVersion\DCubeHotelSystem\DCubeHotelSystem\app\dist\out-tsc\app\mocks\orders.mock.js.map
D:\DCubeHotelManagement\FinalVersion\DCubeHotelSystem\DCubeHotelSystem\app\dist\out-tsc\environments\environment.js
D:\DCubeHotelManagement\FinalVersion\DCubeHotelSystem\DCubeHotelSystem\app\dist\out-tsc\environments\environment.js.map
D:\DCubeHotelManagement\FinalVersion\DCubeHotelSystem\DCubeHotelSystem\app\dist\out-tsc\app\Shared\global.js
D:\DCubeHotelManagement\FinalVersion\DCubeHotelSystem\DCubeHotelSystem\app\dist\out-tsc\app\Shared\global.js.map
D:\DCubeHotelManagement\FinalVersion\DCubeHotelSystem\DCubeHotelSystem\app\dist\out-tsc\app\services\order.service.js
D:\DCubeHotelManagement\FinalVersion\DCubeHotelSystem\DCubeHotelSystem\app\dist\out-tsc\app\services\order.service.js.map
D:\DCubeHotelManagement\FinalVersion\DCubeHotelSystem\DCubeHotelSystem\app\dist\out-tsc\app\effects\order.effects.js
D:\DCubeHotelManagement\FinalVersion\DCubeHotelSystem\DCubeHotelSystem\app\dist\out-tsc\app\effects\order.effects.js.map
D:\DCubeHotelManagement\FinalVersion\DCubeHotelSystem\DCubeHotelSystem\app\dist\out-tsc\app\services\product.service.js
D:\DCubeHotelManagement\FinalVersion\DCubeHotelSystem\DCubeHotelSystem\app\dist\out-tsc\app\services\product.service.js.map
D:\DCubeHotelManagement\FinalVersion\DCubeHotelSystem\DCubeHotelSystem\app\dist\out-tsc\app\effects\product.effects.js
D:\DCubeHotelManagement\FinalVersion\DCubeHotelSystem\DCubeHotelSystem\app\dist\out-tsc\app\effects\product.effects.js.map
D:\DCubeHotelManagement\FinalVersion\DCubeHotelSystem\DCubeHotelSystem\app\dist\out-tsc\app\services\category.service.js
D:\DCubeHotelManagement\FinalVersion\DCubeHotelSystem\DCubeHotelSystem\app\dist\out-tsc\app\services\category.service.js.map
D:\DCubeHotelManagement\FinalVersion\DCubeHotelSystem\DCubeHotelSystem\app\dist\out-tsc\app\effects\category.effects.js
D:\DCubeHotelManagement\FinalVersion\DCubeHotelSystem\DCubeHotelSystem\app\dist\out-tsc\app\effects\category.effects.js.map
D:\DCubeHotelManagement\FinalVersion\DCubeHotelSystem\DCubeHotelSystem\app\dist\out-tsc\app\services\table.service.js
D:\DCubeHotelManagement\FinalVersion\DCubeHotelSystem\DCubeHotelSystem\app\dist\out-tsc\app\services\table.service.js.map
D:\DCubeHotelManagement\FinalVersion\DCubeHotelSystem\DCubeHotelSystem\app\dist\out-tsc\app\effects\table.effects.js
D:\DCubeHotelManagement\FinalVersion\DCubeHotelSystem\DCubeHotelSystem\app\dist\out-tsc\app\effects\table.effects.js.map
D:\DCubeHotelManagement\FinalVersion\DCubeHotelSystem\DCubeHotelSystem\app\dist\out-tsc\app\services\customer.service.js
D:\DCubeHotelManagement\FinalVersion\DCubeHotelSystem\DCubeHotelSystem\app\dist\out-tsc\app\services\customer.service.js.map
D:\DCubeHotelManagement\FinalVersion\DCubeHotelSystem\DCubeHotelSystem\app\dist\out-tsc\app\effects\customer.effects.js
D:\DCubeHotelManagement\FinalVersion\DCubeHotelSystem\DCubeHotelSystem\app\dist\out-tsc\app\effects\customer.effects.js.map
D:\DCubeHotelManagement\FinalVersion\DCubeHotelSystem\DCubeHotelSystem\app\dist\out-tsc\app\services\user.service.js
D:\DCubeHotelManagement\FinalVersion\DCubeHotelSystem\DCubeHotelSystem\app\dist\out-tsc\app\services\user.service.js.map
D:\DCubeHotelManagement\FinalVersion\DCubeHotelSystem\DCubeHotelSystem\app\dist\out-tsc\app\effects\user.effects.js
D:\DCubeHotelManagement\FinalVersion\DCubeHotelSystem\DCubeHotelSystem\app\dist\out-tsc\app\effects\user.effects.js.map
D:\DCubeHotelManagement\FinalVersion\DCubeHotelSystem\DCubeHotelSystem\app\dist\out-tsc\app\services\ticket.service.js
D:\DCubeHotelManagement\FinalVersion\DCubeHotelSystem\DCubeHotelSystem\app\dist\out-tsc\app\services\ticket.service.js.map
D:\DCubeHotelManagement\FinalVersion\DCubeHotelSystem\DCubeHotelSystem\app\dist\out-tsc\app\effects\ticket.effects.js
D:\DCubeHotelManagement\FinalVersion\DCubeHotelSystem\DCubeHotelSystem\app\dist\out-tsc\app\effects\ticket.effects.js.map
D:\DCubeHotelManagement\FinalVersion\DCubeHotelSystem\DCubeHotelSystem\app\dist\out-tsc\app\Service\room.service.js
D:\DCubeHotelManagement\FinalVersion\DCubeHotelSystem\DCubeHotelSystem\app\dist\out-tsc\app\Service\room.service.js.map
D:\DCubeHotelManagement\FinalVersion\DCubeHotelSystem\DCubeHotelSystem\app\dist\out-tsc\app\Service\Department.service.js
D:\DCubeHotelManagement\FinalVersion\DCubeHotelSystem\DCubeHotelSystem\app\dist\out-tsc\app\Service\Department.service.js.map
D:\DCubeHotelManagement\FinalVersion\DCubeHotelSystem\DCubeHotelSystem\app\dist\out-tsc\app\Service\Menu.service.js
D:\DCubeHotelManagement\FinalVersion\DCubeHotelSystem\DCubeHotelSystem\app\dist\out-tsc\app\Service\Menu.service.js.map
D:\DCubeHotelManagement\FinalVersion\DCubeHotelSystem\DCubeHotelSystem\app\dist\out-tsc\app\Service\MenuCategory.service.js
D:\DCubeHotelManagement\FinalVersion\DCubeHotelSystem\DCubeHotelSystem\app\dist\out-tsc\app\Service\MenuCategory.service.js.map
D:\DCubeHotelManagement\FinalVersion\DCubeHotelSystem\DCubeHotelSystem\app\dist\out-tsc\app\Service\tableService.js
D:\DCubeHotelManagement\FinalVersion\DCubeHotelSystem\DCubeHotelSystem\app\dist\out-tsc\app\Service\tableService.js.map
D:\DCubeHotelManagement\FinalVersion\DCubeHotelSystem\DCubeHotelSystem\app\dist\out-tsc\app\Service\MenuItemPortion.services.js
D:\DCubeHotelManagement\FinalVersion\DCubeHotelSystem\DCubeHotelSystem\app\dist\out-tsc\app\Service\MenuItemPortion.services.js.map
D:\DCubeHotelManagement\FinalVersion\DCubeHotelSystem\DCubeHotelSystem\app\dist\out-tsc\app\Service\MenuItem.service.js
D:\DCubeHotelManagement\FinalVersion\DCubeHotelSystem\DCubeHotelSystem\app\dist\out-tsc\app\Service\MenuItem.service.js.map
D:\DCubeHotelManagement\FinalVersion\DCubeHotelSystem\DCubeHotelSystem\app\dist\out-tsc\app\Service\Category.services.js
D:\DCubeHotelManagement\FinalVersion\DCubeHotelSystem\DCubeHotelSystem\app\dist\out-tsc\app\Service\Category.services.js.map
D:\DCubeHotelManagement\FinalVersion\DCubeHotelSystem\DCubeHotelSystem\app\dist\out-tsc\app\Service\InventoryItem.service.js
D:\DCubeHotelManagement\FinalVersion\DCubeHotelSystem\DCubeHotelSystem\app\dist\out-tsc\app\Service\InventoryItem.service.js.map
D:\DCubeHotelManagement\FinalVersion\DCubeHotelSystem\DCubeHotelSystem\app\dist\out-tsc\app\Model\Inventory\InventoryItem.js
D:\DCubeHotelManagement\FinalVersion\DCubeHotelSystem\DCubeHotelSystem\app\dist\out-tsc\app\Model\Inventory\InventoryItem.js.map
D:\DCubeHotelManagement\FinalVersion\DCubeHotelSystem\DCubeHotelSystem\app\dist\out-tsc\app\Service\InventoryReceipt.service.js
D:\DCubeHotelManagement\FinalVersion\DCubeHotelSystem\DCubeHotelSystem\app\dist\out-tsc\app\Service\InventoryReceipt.service.js.map
D:\DCubeHotelManagement\FinalVersion\DCubeHotelSystem\DCubeHotelSystem\app\dist\out-tsc\app\Service\InventoryReceiptDetails.service.js
D:\DCubeHotelManagement\FinalVersion\DCubeHotelSystem\DCubeHotelSystem\app\dist\out-tsc\app\Service\InventoryReceiptDetails.service.js.map
D:\DCubeHotelManagement\FinalVersion\DCubeHotelSystem\DCubeHotelSystem\app\dist\out-tsc\app\Service\purchaseorder.service.js
D:\DCubeHotelManagement\FinalVersion\DCubeHotelSystem\DCubeHotelSystem\app\dist\out-tsc\app\Service\purchaseorder.service.js.map
D:\DCubeHotelManagement\FinalVersion\DCubeHotelSystem\DCubeHotelSystem\app\dist\out-tsc\app\Service\purchase.service.js
D:\DCubeHotelManagement\FinalVersion\DCubeHotelSystem\DCubeHotelSystem\app\dist\out-tsc\app\Service\purchase.service.js.map
D:\DCubeHotelManagement\FinalVersion\DCubeHotelSystem\DCubeHotelSystem\app\dist\out-tsc\app\Service\journalVoucher.service.js
D:\DCubeHotelManagement\FinalVersion\DCubeHotelSystem\DCubeHotelSystem\app\dist\out-tsc\app\Service\journalVoucher.service.js.map
D:\DCubeHotelManagement\FinalVersion\DCubeHotelSystem\DCubeHotelSystem\app\dist\out-tsc\app\Model\AccountType\accountType.js
D:\DCubeHotelManagement\FinalVersion\DCubeHotelSystem\DCubeHotelSystem\app\dist\out-tsc\app\Model\AccountType\accountType.js.map
D:\DCubeHotelManagement\FinalVersion\DCubeHotelSystem\DCubeHotelSystem\app\dist\out-tsc\app\Service\account-type.service.js
D:\DCubeHotelManagement\FinalVersion\DCubeHotelSystem\DCubeHotelSystem\app\dist\out-tsc\app\Service\account-type.service.js.map
D:\DCubeHotelManagement\FinalVersion\DCubeHotelSystem\DCubeHotelSystem\app\dist\out-tsc\app\Service\account.service.js
D:\DCubeHotelManagement\FinalVersion\DCubeHotelSystem\DCubeHotelSystem\app\dist\out-tsc\app\Service\account.service.js.map
D:\DCubeHotelManagement\FinalVersion\DCubeHotelSystem\DCubeHotelSystem\app\dist\out-tsc\app\Service\account-trans-type.service.js
D:\DCubeHotelManagement\FinalVersion\DCubeHotelSystem\DCubeHotelSystem\app\dist\out-tsc\app\Service\account-trans-type.service.js.map
D:\DCubeHotelManagement\FinalVersion\DCubeHotelSystem\DCubeHotelSystem\app\dist\out-tsc\app\Service\peroidic-consumption-item.service.js
D:\DCubeHotelManagement\FinalVersion\DCubeHotelSystem\DCubeHotelSystem\app\dist\out-tsc\app\Service\peroidic-consumption-item.service.js.map
D:\DCubeHotelManagement\FinalVersion\DCubeHotelSystem\DCubeHotelSystem\app\dist\out-tsc\app\Service\periodic-consumption.service.js
D:\DCubeHotelManagement\FinalVersion\DCubeHotelSystem\DCubeHotelSystem\app\dist\out-tsc\app\Service\periodic-consumption.service.js.map
D:\DCubeHotelManagement\FinalVersion\DCubeHotelSystem\DCubeHotelSystem\app\dist\out-tsc\app\Service\MenuConsumptionService.js
D:\DCubeHotelManagement\FinalVersion\DCubeHotelSystem\DCubeHotelSystem\app\dist\out-tsc\app\Service\MenuConsumptionService.js.map
D:\DCubeHotelManagement\FinalVersion\DCubeHotelSystem\DCubeHotelSystem\app\dist\out-tsc\app\Service\MenuConsumptionDetailsService.js
D:\DCubeHotelManagement\FinalVersion\DCubeHotelSystem\DCubeHotelSystem\app\dist\out-tsc\app\Service\MenuConsumptionDetailsService.js.map
D:\DCubeHotelManagement\FinalVersion\DCubeHotelSystem\DCubeHotelSystem\app\dist\out-tsc\app\Service\authentication.service.js
D:\DCubeHotelManagement\FinalVersion\DCubeHotelSystem\DCubeHotelSystem\app\dist\out-tsc\app\Service\authentication.service.js.map
D:\DCubeHotelManagement\FinalVersion\DCubeHotelSystem\DCubeHotelSystem\app\dist\out-tsc\app\Service\user.service.js
D:\DCubeHotelManagement\FinalVersion\DCubeHotelSystem\DCubeHotelSystem\app\dist\out-tsc\app\Service\user.service.js.map
D:\DCubeHotelManagement\FinalVersion\DCubeHotelSystem\DCubeHotelSystem\app\dist\out-tsc\app\Service\login.service.js
D:\DCubeHotelManagement\FinalVersion\DCubeHotelSystem\DCubeHotelSystem\app\dist\out-tsc\app\Service\login.service.js.map
D:\DCubeHotelManagement\FinalVersion\DCubeHotelSystem\DCubeHotelSystem\app\dist\out-tsc\app\guard\auth.guard.js
D:\DCubeHotelManagement\FinalVersion\DCubeHotelSystem\DCubeHotelSystem\app\dist\out-tsc\app\guard\auth.guard.js.map
D:\DCubeHotelManagement\FinalVersion\DCubeHotelSystem\DCubeHotelSystem\app\dist\out-tsc\app\Service\role.service.js
D:\DCubeHotelManagement\FinalVersion\DCubeHotelSystem\DCubeHotelSystem\app\dist\out-tsc\app\Service\role.service.js.map
D:\DCubeHotelManagement\FinalVersion\DCubeHotelSystem\DCubeHotelSystem\app\dist\out-tsc\app\Service\userRole.service.js
D:\DCubeHotelManagement\FinalVersion\DCubeHotelSystem\DCubeHotelSystem\app\dist\out-tsc\app\Service\userRole.service.js.map
D:\DCubeHotelManagement\FinalVersion\DCubeHotelSystem\DCubeHotelSystem\app\dist\out-tsc\app\Service\accountTransValues.service.js
D:\DCubeHotelManagement\FinalVersion\DCubeHotelSystem\DCubeHotelSystem\app\dist\out-tsc\app\Service\accountTransValues.service.js.map
D:\DCubeHotelManagement\FinalVersion\DCubeHotelSystem\DCubeHotelSystem\app\dist\out-tsc\app\services\reservation\room-type.services.js
D:\DCubeHotelManagement\FinalVersion\DCubeHotelSystem\DCubeHotelSystem\app\dist\out-tsc\app\services\reservation\room-type.services.js.map
D:\DCubeHotelManagement\FinalVersion\DCubeHotelSystem\DCubeHotelSystem\app\dist\out-tsc\app\services\reservation\reservation-type.services.js
D:\DCubeHotelManagement\FinalVersion\DCubeHotelSystem\DCubeHotelSystem\app\dist\out-tsc\app\services\reservation\reservation-type.services.js.map
D:\DCubeHotelManagement\FinalVersion\DCubeHotelSystem\DCubeHotelSystem\app\dist\out-tsc\app\services\reservation\payment-type.services.js
D:\DCubeHotelManagement\FinalVersion\DCubeHotelSystem\DCubeHotelSystem\app\dist\out-tsc\app\services\reservation\payment-type.services.js.map
D:\DCubeHotelManagement\FinalVersion\DCubeHotelSystem\DCubeHotelSystem\app\dist\out-tsc\app\services\reservation\customer-type.services.js
D:\DCubeHotelManagement\FinalVersion\DCubeHotelSystem\DCubeHotelSystem\app\dist\out-tsc\app\services\reservation\customer-type.services.js.map
D:\DCubeHotelManagement\FinalVersion\DCubeHotelSystem\DCubeHotelSystem\app\dist\out-tsc\app\services\reservation\customer.services.js
D:\DCubeHotelManagement\FinalVersion\DCubeHotelSystem\DCubeHotelSystem\app\dist\out-tsc\app\services\reservation\customer.services.js.map
D:\DCubeHotelManagement\FinalVersion\DCubeHotelSystem\DCubeHotelSystem\app\dist\out-tsc\app\services\reservation\facility.services.js
D:\DCubeHotelManagement\FinalVersion\DCubeHotelSystem\DCubeHotelSystem\app\dist\out-tsc\app\services\reservation\facility.services.js.map
D:\DCubeHotelManagement\FinalVersion\DCubeHotelSystem\DCubeHotelSystem\app\dist\out-tsc\app\services\reservation\reservation.services.js
D:\DCubeHotelManagement\FinalVersion\DCubeHotelSystem\DCubeHotelSystem\app\dist\out-tsc\app\services\reservation\reservation.services.js.map
D:\DCubeHotelManagement\FinalVersion\DCubeHotelSystem\DCubeHotelSystem\app\dist\out-tsc\app\services\store\order.store.service.js
D:\DCubeHotelManagement\FinalVersion\DCubeHotelSystem\DCubeHotelSystem\app\dist\out-tsc\app\services\store\order.store.service.js.map
D:\DCubeHotelManagement\FinalVersion\DCubeHotelSystem\DCubeHotelSystem\app\dist\out-tsc\app\services\store\category.store.service.js
D:\DCubeHotelManagement\FinalVersion\DCubeHotelSystem\DCubeHotelSystem\app\dist\out-tsc\app\services\store\category.store.service.js.map
D:\DCubeHotelManagement\FinalVersion\DCubeHotelSystem\DCubeHotelSystem\app\dist\out-tsc\app\services\store\product.store.service.js
D:\DCubeHotelManagement\FinalVersion\DCubeHotelSystem\DCubeHotelSystem\app\dist\out-tsc\app\services\store\product.store.service.js.map
D:\DCubeHotelManagement\FinalVersion\DCubeHotelSystem\DCubeHotelSystem\app\dist\out-tsc\app\services\store\table.store.service.js
D:\DCubeHotelManagement\FinalVersion\DCubeHotelSystem\DCubeHotelSystem\app\dist\out-tsc\app\services\store\table.store.service.js.map
D:\DCubeHotelManagement\FinalVersion\DCubeHotelSystem\DCubeHotelSystem\app\dist\out-tsc\app\services\store\customer.store.service.js
D:\DCubeHotelManagement\FinalVersion\DCubeHotelSystem\DCubeHotelSystem\app\dist\out-tsc\app\services\store\customer.store.service.js.map
D:\DCubeHotelManagement\FinalVersion\DCubeHotelSystem\DCubeHotelSystem\app\dist\out-tsc\app\services\store\user.store.service.js
D:\DCubeHotelManagement\FinalVersion\DCubeHotelSystem\DCubeHotelSystem\app\dist\out-tsc\app\services\store\user.store.service.js.map
D:\DCubeHotelManagement\FinalVersion\DCubeHotelSystem\DCubeHotelSystem\app\dist\out-tsc\app\services\store\ticket.store.service.js
D:\DCubeHotelManagement\FinalVersion\DCubeHotelSystem\DCubeHotelSystem\app\dist\out-tsc\app\services\store\ticket.store.service.js.map
D:\DCubeHotelManagement\FinalVersion\DCubeHotelSystem\DCubeHotelSystem\app\dist\out-tsc\app\Service\purchaseOrderdetails.service.js
D:\DCubeHotelManagement\FinalVersion\DCubeHotelSystem\DCubeHotelSystem\app\dist\out-tsc\app\Service\purchaseOrderdetails.service.js.map
D:\DCubeHotelManagement\FinalVersion\DCubeHotelSystem\DCubeHotelSystem\app\dist\out-tsc\app\Service\PurchaseDetails.service.js
D:\DCubeHotelManagement\FinalVersion\DCubeHotelSystem\DCubeHotelSystem\app\dist\out-tsc\app\Service\PurchaseDetails.service.js.map
D:\DCubeHotelManagement\FinalVersion\DCubeHotelSystem\DCubeHotelSystem\app\dist\out-tsc\app\models\company.model.js
D:\DCubeHotelManagement\FinalVersion\DCubeHotelSystem\DCubeHotelSystem\app\dist\out-tsc\app\models\company.model.js.map
D:\DCubeHotelManagement\FinalVersion\DCubeHotelSystem\DCubeHotelSystem\app\dist\out-tsc\app\Model\FinancialYear.js
D:\DCubeHotelManagement\FinalVersion\DCubeHotelSystem\DCubeHotelSystem\app\dist\out-tsc\app\Model\FinancialYear.js.map
D:\DCubeHotelManagement\FinalVersion\DCubeHotelSystem\DCubeHotelSystem\app\dist\out-tsc\app\components\app\app.component.js
D:\DCubeHotelManagement\FinalVersion\DCubeHotelSystem\DCubeHotelSystem\app\dist\out-tsc\app\components\app\app.component.js.map
D:\DCubeHotelManagement\FinalVersion\DCubeHotelSystem\DCubeHotelSystem\app\dist\out-tsc\app\components\dashboard\dashboard.component.js
D:\DCubeHotelManagement\FinalVersion\DCubeHotelSystem\DCubeHotelSystem\app\dist\out-tsc\app\components\dashboard\dashboard.component.js.map
D:\DCubeHotelManagement\FinalVersion\DCubeHotelSystem\DCubeHotelSystem\app\dist\out-tsc\app\Model\Department.js
D:\DCubeHotelManagement\FinalVersion\DCubeHotelSystem\DCubeHotelSystem\app\dist\out-tsc\app\Model\Department.js.map
D:\DCubeHotelManagement\FinalVersion\DCubeHotelSystem\DCubeHotelSystem\app\dist\out-tsc\app\Shared\enum.js
D:\DCubeHotelManagement\FinalVersion\DCubeHotelSystem\DCubeHotelSystem\app\dist\out-tsc\app\Shared\enum.js.map
D:\DCubeHotelManagement\FinalVersion\DCubeHotelSystem\DCubeHotelSystem\app\dist\out-tsc\app\components\Department\Department.component.js
D:\DCubeHotelManagement\FinalVersion\DCubeHotelSystem\DCubeHotelSystem\app\dist\out-tsc\app\components\Department\Department.component.js.map
D:\DCubeHotelManagement\FinalVersion\DCubeHotelSystem\DCubeHotelSystem\app\dist\out-tsc\app\selectors\table.selector.js
D:\DCubeHotelManagement\FinalVersion\DCubeHotelSystem\DCubeHotelSystem\app\dist\out-tsc\app\selectors\table.selector.js.map
D:\DCubeHotelManagement\FinalVersion\DCubeHotelSystem\DCubeHotelSystem\app\dist\out-tsc\app\selectors\customer.selector.js
D:\DCubeHotelManagement\FinalVersion\DCubeHotelSystem\DCubeHotelSystem\app\dist\out-tsc\app\selectors\customer.selector.js.map
D:\DCubeHotelManagement\FinalVersion\DCubeHotelSystem\DCubeHotelSystem\app\dist\out-tsc\app\components\pos-dashboard\pos-dashboard.component.js
D:\DCubeHotelManagement\FinalVersion\DCubeHotelSystem\DCubeHotelSystem\app\dist\out-tsc\app\components\pos-dashboard\pos-dashboard.component.js.map
D:\DCubeHotelManagement\FinalVersion\DCubeHotelSystem\DCubeHotelSystem\app\dist\out-tsc\app\components\navigation\navigation.component.js
D:\DCubeHotelManagement\FinalVersion\DCubeHotelSystem\DCubeHotelSystem\app\dist\out-tsc\app\components\navigation\navigation.component.js.map
D:\DCubeHotelManagement\FinalVersion\DCubeHotelSystem\DCubeHotelSystem\app\dist\out-tsc\app\components\AccountDashboard\AccountDashboard.component.js
D:\DCubeHotelManagement\FinalVersion\DCubeHotelSystem\DCubeHotelSystem\app\dist\out-tsc\app\components\AccountDashboard\AccountDashboard.component.js.map
D:\DCubeHotelManagement\FinalVersion\DCubeHotelSystem\DCubeHotelSystem\app\dist\out-tsc\app\components\InventoryDashboard\InventoryDashboard.Component.js
D:\DCubeHotelManagement\FinalVersion\DCubeHotelSystem\DCubeHotelSystem\app\dist\out-tsc\app\components\InventoryDashboard\InventoryDashboard.Component.js.map
D:\DCubeHotelManagement\FinalVersion\DCubeHotelSystem\DCubeHotelSystem\app\dist\out-tsc\app\Model\Menu\MenuItem.js
D:\DCubeHotelManagement\FinalVersion\DCubeHotelSystem\DCubeHotelSystem\app\dist\out-tsc\app\Model\Menu\MenuItem.js.map
D:\DCubeHotelManagement\FinalVersion\DCubeHotelSystem\DCubeHotelSystem\app\dist\out-tsc\app\Model\Menu\MenuCategory.js
D:\DCubeHotelManagement\FinalVersion\DCubeHotelSystem\DCubeHotelSystem\app\dist\out-tsc\app\Model\Menu\MenuCategory.js.map
D:\DCubeHotelManagement\FinalVersion\DCubeHotelSystem\DCubeHotelSystem\app\dist\out-tsc\app\Model\Menu\Menu.js
D:\DCubeHotelManagement\FinalVersion\DCubeHotelSystem\DCubeHotelSystem\app\dist\out-tsc\app\Model\Menu\Menu.js.map
D:\DCubeHotelManagement\FinalVersion\DCubeHotelSystem\DCubeHotelSystem\app\dist\out-tsc\app\components\Menu\MenuCategory\MenuCategory.component.js
D:\DCubeHotelManagement\FinalVersion\DCubeHotelSystem\DCubeHotelSystem\app\dist\out-tsc\app\components\Menu\MenuCategory\MenuCategory.component.js.map
D:\DCubeHotelManagement\FinalVersion\DCubeHotelSystem\DCubeHotelSystem\app\dist\out-tsc\app\components\Menu\menu.component.js
D:\DCubeHotelManagement\FinalVersion\DCubeHotelSystem\DCubeHotelSystem\app\dist\out-tsc\app\components\Menu\menu.component.js.map
D:\DCubeHotelManagement\FinalVersion\DCubeHotelSystem\DCubeHotelSystem\app\dist\out-tsc\app\Model\Menu\menuConsumption.js
D:\DCubeHotelManagement\FinalVersion\DCubeHotelSystem\DCubeHotelSystem\app\dist\out-tsc\app\Model\Menu\menuConsumption.js.map
D:\DCubeHotelManagement\FinalVersion\DCubeHotelSystem\DCubeHotelSystem\app\dist\out-tsc\app\Model\Account\account.js
D:\DCubeHotelManagement\FinalVersion\DCubeHotelSystem\DCubeHotelSystem\app\dist\out-tsc\app\Model\Account\account.js.map
D:\DCubeHotelManagement\FinalVersion\DCubeHotelSystem\DCubeHotelSystem\app\dist\out-tsc\app\Model\Menu\MenuItemPortion.js
D:\DCubeHotelManagement\FinalVersion\DCubeHotelSystem\DCubeHotelSystem\app\dist\out-tsc\app\Model\Menu\MenuItemPortion.js.map
D:\DCubeHotelManagement\FinalVersion\DCubeHotelSystem\DCubeHotelSystem\app\dist\out-tsc\app\Model\Inventory\InventoryReceipt.js
D:\DCubeHotelManagement\FinalVersion\DCubeHotelSystem\DCubeHotelSystem\app\dist\out-tsc\app\Model\Inventory\InventoryReceipt.js.map
D:\DCubeHotelManagement\FinalVersion\DCubeHotelSystem\DCubeHotelSystem\app\dist\out-tsc\app\selectors\product.selector.js
D:\DCubeHotelManagement\FinalVersion\DCubeHotelSystem\DCubeHotelSystem\app\dist\out-tsc\app\selectors\product.selector.js.map
D:\DCubeHotelManagement\FinalVersion\DCubeHotelSystem\DCubeHotelSystem\app\dist\out-tsc\app\components\Menu\MenuConsumption\menu-consumption.component.js
D:\DCubeHotelManagement\FinalVersion\DCubeHotelSystem\DCubeHotelSystem\app\dist\out-tsc\app\components\Menu\MenuConsumption\menu-consumption.component.js.map
D:\DCubeHotelManagement\FinalVersion\DCubeHotelSystem\DCubeHotelSystem\app\dist\out-tsc\app\components\Menu\MenuItem\MenuItem.component.js
D:\DCubeHotelManagement\FinalVersion\DCubeHotelSystem\DCubeHotelSystem\app\dist\out-tsc\app\components\Menu\MenuItem\MenuItem.component.js.map
D:\DCubeHotelManagement\FinalVersion\DCubeHotelSystem\DCubeHotelSystem\app\dist\out-tsc\app\components\Menu\ScreenMenuCategory\menu-category.component.js
D:\DCubeHotelManagement\FinalVersion\DCubeHotelSystem\DCubeHotelSystem\app\dist\out-tsc\app\components\Menu\ScreenMenuCategory\menu-category.component.js.map
D:\DCubeHotelManagement\FinalVersion\DCubeHotelSystem\DCubeHotelSystem\app\dist\out-tsc\app\components\Menu\MenuItem\ScreenMenuItem.component.js
D:\DCubeHotelManagement\FinalVersion\DCubeHotelSystem\DCubeHotelSystem\app\dist\out-tsc\app\components\Menu\MenuItem\ScreenMenuItem.component.js.map
D:\DCubeHotelManagement\FinalVersion\DCubeHotelSystem\DCubeHotelSystem\app\dist\out-tsc\app\components\Table\table.component.js
D:\DCubeHotelManagement\FinalVersion\DCubeHotelSystem\DCubeHotelSystem\app\dist\out-tsc\app\components\Table\table.component.js.map
D:\DCubeHotelManagement\FinalVersion\DCubeHotelSystem\DCubeHotelSystem\app\dist\out-tsc\app\components\manage\manage.component.js
D:\DCubeHotelManagement\FinalVersion\DCubeHotelSystem\DCubeHotelSystem\app\dist\out-tsc\app\components\manage\manage.component.js.map
D:\DCubeHotelManagement\FinalVersion\DCubeHotelSystem\DCubeHotelSystem\app\dist\out-tsc\app\selectors\category.selector.js
D:\DCubeHotelManagement\FinalVersion\DCubeHotelSystem\DCubeHotelSystem\app\dist\out-tsc\app\selectors\category.selector.js.map
D:\DCubeHotelManagement\FinalVersion\DCubeHotelSystem\DCubeHotelSystem\app\dist\out-tsc\app\selectors\ticket.selector.js
D:\DCubeHotelManagement\FinalVersion\DCubeHotelSystem\DCubeHotelSystem\app\dist\out-tsc\app\selectors\ticket.selector.js.map
D:\DCubeHotelManagement\FinalVersion\DCubeHotelSystem\DCubeHotelSystem\app\dist\out-tsc\app\selectors\order.selector.js
D:\DCubeHotelManagement\FinalVersion\DCubeHotelSystem\DCubeHotelSystem\app\dist\out-tsc\app\selectors\order.selector.js.map
D:\DCubeHotelManagement\FinalVersion\DCubeHotelSystem\DCubeHotelSystem\app\dist\out-tsc\app\components\pos-table\pos-table.component.js
D:\DCubeHotelManagement\FinalVersion\DCubeHotelSystem\DCubeHotelSystem\app\dist\out-tsc\app\components\pos-table\pos-table.component.js.map
D:\DCubeHotelManagement\FinalVersion\DCubeHotelSystem\DCubeHotelSystem\app\dist\out-tsc\app\components\pos-table\pos-options\pos-options.component.js
D:\DCubeHotelManagement\FinalVersion\DCubeHotelSystem\DCubeHotelSystem\app\dist\out-tsc\app\components\pos-table\pos-options\pos-options.component.js.map
D:\DCubeHotelManagement\FinalVersion\DCubeHotelSystem\DCubeHotelSystem\app\dist\out-tsc\app\components\pos-table\pos-calculator\pos-calculator.component.js
D:\DCubeHotelManagement\FinalVersion\DCubeHotelSystem\DCubeHotelSystem\app\dist\out-tsc\app\components\pos-table\pos-calculator\pos-calculator.component.js.map
D:\DCubeHotelManagement\FinalVersion\DCubeHotelSystem\DCubeHotelSystem\app\dist\out-tsc\app\components\pos-table\pos-settle\pos-settle.component.js
D:\DCubeHotelManagement\FinalVersion\DCubeHotelSystem\DCubeHotelSystem\app\dist\out-tsc\app\components\pos-table\pos-settle\pos-settle.component.js.map
D:\DCubeHotelManagement\FinalVersion\DCubeHotelSystem\DCubeHotelSystem\app\dist\out-tsc\app\components\pos-table\pos-orders\pos-orders.component.js
D:\DCubeHotelManagement\FinalVersion\DCubeHotelSystem\DCubeHotelSystem\app\dist\out-tsc\app\components\pos-table\pos-orders\pos-orders.component.js.map
D:\DCubeHotelManagement\FinalVersion\DCubeHotelSystem\DCubeHotelSystem\app\dist\out-tsc\app\components\pos-table\pos-tickets\pos-tickets.component.js
D:\DCubeHotelManagement\FinalVersion\DCubeHotelSystem\DCubeHotelSystem\app\dist\out-tsc\app\components\pos-table\pos-tickets\pos-tickets.component.js.map
D:\DCubeHotelManagement\FinalVersion\DCubeHotelSystem\DCubeHotelSystem\app\dist\out-tsc\app\services\file.service.js
D:\DCubeHotelManagement\FinalVersion\DCubeHotelSystem\DCubeHotelSystem\app\dist\out-tsc\app\services\file.service.js.map
D:\DCubeHotelManagement\FinalVersion\DCubeHotelSystem\DCubeHotelSystem\app\dist\out-tsc\app\components\file-upload\file-upload.component.js
D:\DCubeHotelManagement\FinalVersion\DCubeHotelSystem\DCubeHotelSystem\app\dist\out-tsc\app\components\file-upload\file-upload.component.js.map
D:\DCubeHotelManagement\FinalVersion\DCubeHotelSystem\DCubeHotelSystem\app\dist\out-tsc\app\components\notfound\notfound.component.js
D:\DCubeHotelManagement\FinalVersion\DCubeHotelSystem\DCubeHotelSystem\app\dist\out-tsc\app\components\notfound\notfound.component.js.map
D:\DCubeHotelManagement\FinalVersion\DCubeHotelSystem\DCubeHotelSystem\app\dist\out-tsc\app\Model\AccountTransaction\accountTrans.js
D:\DCubeHotelManagement\FinalVersion\DCubeHotelSystem\DCubeHotelSystem\app\dist\out-tsc\app\Model\AccountTransaction\accountTrans.js.map
D:\DCubeHotelManagement\FinalVersion\DCubeHotelSystem\DCubeHotelSystem\app\dist\out-tsc\app\components\journal\journaVoucher.component.js
D:\DCubeHotelManagement\FinalVersion\DCubeHotelSystem\DCubeHotelSystem\app\dist\out-tsc\app\components\journal\journaVoucher.component.js.map
D:\DCubeHotelManagement\FinalVersion\DCubeHotelSystem\DCubeHotelSystem\app\dist\out-tsc\app\components\journalvoucher-details\journalvoucher-details.component.js
D:\DCubeHotelManagement\FinalVersion\DCubeHotelSystem\DCubeHotelSystem\app\dist\out-tsc\app\components\journalvoucher-details\journalvoucher-details.component.js.map
D:\DCubeHotelManagement\FinalVersion\DCubeHotelSystem\DCubeHotelSystem\app\dist\out-tsc\app\components\account\account.component.js
D:\DCubeHotelManagement\FinalVersion\DCubeHotelSystem\DCubeHotelSystem\app\dist\out-tsc\app\components\account\account.component.js.map
D:\DCubeHotelManagement\FinalVersion\DCubeHotelSystem\DCubeHotelSystem\app\dist\out-tsc\app\components\account-type\account-type.component.js
D:\DCubeHotelManagement\FinalVersion\DCubeHotelSystem\DCubeHotelSystem\app\dist\out-tsc\app\components\account-type\account-type.component.js.map
D:\DCubeHotelManagement\FinalVersion\DCubeHotelSystem\DCubeHotelSystem\app\dist\out-tsc\app\components\purchaseOrderDetails\purchaseorderdetails.component.js
D:\DCubeHotelManagement\FinalVersion\DCubeHotelSystem\DCubeHotelSystem\app\dist\out-tsc\app\components\purchaseOrderDetails\purchaseorderdetails.component.js.map
D:\DCubeHotelManagement\FinalVersion\DCubeHotelSystem\DCubeHotelSystem\app\dist\out-tsc\app\components\purchaseOrder\purchaseOrder.component.js
D:\DCubeHotelManagement\FinalVersion\DCubeHotelSystem\DCubeHotelSystem\app\dist\out-tsc\app\components\purchaseOrder\purchaseOrder.component.js.map
D:\DCubeHotelManagement\FinalVersion\DCubeHotelSystem\DCubeHotelSystem\app\dist\out-tsc\app\components\sales\sales.component.js
D:\DCubeHotelManagement\FinalVersion\DCubeHotelSystem\DCubeHotelSystem\app\dist\out-tsc\app\components\sales\sales.component.js.map
D:\DCubeHotelManagement\FinalVersion\DCubeHotelSystem\DCubeHotelSystem\app\dist\out-tsc\app\components\sales-detail\salesDetail.component.js
D:\DCubeHotelManagement\FinalVersion\DCubeHotelSystem\DCubeHotelSystem\app\dist\out-tsc\app\components\sales-detail\salesDetail.component.js.map
D:\DCubeHotelManagement\FinalVersion\DCubeHotelSystem\DCubeHotelSystem\app\dist\out-tsc\app\components\sales-billing\sales-billing.component.js
D:\DCubeHotelManagement\FinalVersion\DCubeHotelSystem\DCubeHotelSystem\app\dist\out-tsc\app\components\sales-billing\sales-billing.component.js.map
D:\DCubeHotelManagement\FinalVersion\DCubeHotelSystem\DCubeHotelSystem\app\dist\out-tsc\app\components\sales-billing-detail\sales-billing-details.component.js
D:\DCubeHotelManagement\FinalVersion\DCubeHotelSystem\DCubeHotelSystem\app\dist\out-tsc\app\components\sales-billing-detail\sales-billing-details.component.js.map
D:\DCubeHotelManagement\FinalVersion\DCubeHotelSystem\DCubeHotelSystem\app\dist\out-tsc\app\components\purchase\purchase.component.js
D:\DCubeHotelManagement\FinalVersion\DCubeHotelSystem\DCubeHotelSystem\app\dist\out-tsc\app\components\purchase\purchase.component.js.map
D:\DCubeHotelManagement\FinalVersion\DCubeHotelSystem\DCubeHotelSystem\app\dist\out-tsc\app\components\purchaseDetail\purchaseDetail.component.js
D:\DCubeHotelManagement\FinalVersion\DCubeHotelSystem\DCubeHotelSystem\app\dist\out-tsc\app\components\purchaseDetail\purchaseDetail.component.js.map
D:\DCubeHotelManagement\FinalVersion\DCubeHotelSystem\DCubeHotelSystem\app\dist\out-tsc\app\components\inventory-receipt\inventory-receipt.component.js
D:\DCubeHotelManagement\FinalVersion\DCubeHotelSystem\DCubeHotelSystem\app\dist\out-tsc\app\components\inventory-receipt\inventory-receipt.component.js.map
D:\DCubeHotelManagement\FinalVersion\DCubeHotelSystem\DCubeHotelSystem\app\dist\out-tsc\app\components\inventory-receiptdetails\inventory-receiptdetails.component.js
D:\DCubeHotelManagement\FinalVersion\DCubeHotelSystem\DCubeHotelSystem\app\dist\out-tsc\app\components\inventory-receiptdetails\inventory-receiptdetails.component.js.map
D:\DCubeHotelManagement\FinalVersion\DCubeHotelSystem\DCubeHotelSystem\app\dist\out-tsc\app\components\inventory\inventory-item.component.js
D:\DCubeHotelManagement\FinalVersion\DCubeHotelSystem\DCubeHotelSystem\app\dist\out-tsc\app\components\inventory\inventory-item.component.js.map
D:\DCubeHotelManagement\FinalVersion\DCubeHotelSystem\DCubeHotelSystem\app\dist\out-tsc\app\Model\Category.js
D:\DCubeHotelManagement\FinalVersion\DCubeHotelSystem\DCubeHotelSystem\app\dist\out-tsc\app\Model\Category.js.map
D:\DCubeHotelManagement\FinalVersion\DCubeHotelSystem\DCubeHotelSystem\app\dist\out-tsc\app\components\category\category.component.js
D:\DCubeHotelManagement\FinalVersion\DCubeHotelSystem\DCubeHotelSystem\app\dist\out-tsc\app\components\category\category.component.js.map
D:\DCubeHotelManagement\FinalVersion\DCubeHotelSystem\DCubeHotelSystem\app\dist\out-tsc\app\components\receipt\receipt.component.js
D:\DCubeHotelManagement\FinalVersion\DCubeHotelSystem\DCubeHotelSystem\app\dist\out-tsc\app\components\receipt\receipt.component.js.map
D:\DCubeHotelManagement\FinalVersion\DCubeHotelSystem\DCubeHotelSystem\app\dist\out-tsc\app\components\payment\payment.component.js
D:\DCubeHotelManagement\FinalVersion\DCubeHotelSystem\DCubeHotelSystem\app\dist\out-tsc\app\components\payment\payment.component.js.map
D:\DCubeHotelManagement\FinalVersion\DCubeHotelSystem\DCubeHotelSystem\app\dist\out-tsc\app\Model\AccountTransactionType\accountTransType.js
D:\DCubeHotelManagement\FinalVersion\DCubeHotelSystem\DCubeHotelSystem\app\dist\out-tsc\app\Model\AccountTransactionType\accountTransType.js.map
D:\DCubeHotelManagement\FinalVersion\DCubeHotelSystem\DCubeHotelSystem\app\dist\out-tsc\app\components\account-transaction-type\account-transaction-type.component.js
D:\DCubeHotelManagement\FinalVersion\DCubeHotelSystem\DCubeHotelSystem\app\dist\out-tsc\app\components\account-transaction-type\account-transaction-type.component.js.map
D:\DCubeHotelManagement\FinalVersion\DCubeHotelSystem\DCubeHotelSystem\app\dist\out-tsc\app\Model\TrialBalance.js
D:\DCubeHotelManagement\FinalVersion\DCubeHotelSystem\DCubeHotelSystem\app\dist\out-tsc\app\Model\TrialBalance.js.map
D:\DCubeHotelManagement\FinalVersion\DCubeHotelSystem\DCubeHotelSystem\app\dist\out-tsc\app\components\TrialBalance\TrialBalance.component.js
D:\DCubeHotelManagement\FinalVersion\DCubeHotelSystem\DCubeHotelSystem\app\dist\out-tsc\app\components\TrialBalance\TrialBalance.component.js.map
D:\DCubeHotelManagement\FinalVersion\DCubeHotelSystem\DCubeHotelSystem\app\dist\out-tsc\app\Model\LedgerView.js
D:\DCubeHotelManagement\FinalVersion\DCubeHotelSystem\DCubeHotelSystem\app\dist\out-tsc\app\Model\LedgerView.js.map
D:\DCubeHotelManagement\FinalVersion\DCubeHotelSystem\DCubeHotelSystem\app\dist\out-tsc\app\components\Report\LedgerView\AccountLedgerView.Component.js
D:\DCubeHotelManagement\FinalVersion\DCubeHotelSystem\DCubeHotelSystem\app\dist\out-tsc\app\components\Report\LedgerView\AccountLedgerView.Component.js.map
D:\DCubeHotelManagement\FinalVersion\DCubeHotelSystem\DCubeHotelSystem\app\dist\out-tsc\app\Model\NepaliMonth.js
D:\DCubeHotelManagement\FinalVersion\DCubeHotelSystem\DCubeHotelSystem\app\dist\out-tsc\app\Model\NepaliMonth.js.map
D:\DCubeHotelManagement\FinalVersion\DCubeHotelSystem\DCubeHotelSystem\app\dist\out-tsc\app\Model\SaleBook.js
D:\DCubeHotelManagement\FinalVersion\DCubeHotelSystem\DCubeHotelSystem\app\dist\out-tsc\app\Model\SaleBook.js.map
D:\DCubeHotelManagement\FinalVersion\DCubeHotelSystem\DCubeHotelSystem\app\dist\out-tsc\app\components\Report\SaleBook\AccountSaleBook.Component.js
D:\DCubeHotelManagement\FinalVersion\DCubeHotelSystem\DCubeHotelSystem\app\dist\out-tsc\app\components\Report\SaleBook\AccountSaleBook.Component.js.map
D:\DCubeHotelManagement\FinalVersion\DCubeHotelSystem\DCubeHotelSystem\app\dist\out-tsc\app\Model\ProfitAndLoss.js
D:\DCubeHotelManagement\FinalVersion\DCubeHotelSystem\DCubeHotelSystem\app\dist\out-tsc\app\Model\ProfitAndLoss.js.map
D:\DCubeHotelManagement\FinalVersion\DCubeHotelSystem\DCubeHotelSystem\app\dist\out-tsc\app\components\Report\ProfitAndLoss\AccountProfitAndLoss.Component.js
D:\DCubeHotelManagement\FinalVersion\DCubeHotelSystem\DCubeHotelSystem\app\dist\out-tsc\app\components\Report\ProfitAndLoss\AccountProfitAndLoss.Component.js.map
D:\DCubeHotelManagement\FinalVersion\DCubeHotelSystem\DCubeHotelSystem\app\dist\out-tsc\app\components\Report\balance-sheet\balance-sheet.component.js
D:\DCubeHotelManagement\FinalVersion\DCubeHotelSystem\DCubeHotelSystem\app\dist\out-tsc\app\components\Report\balance-sheet\balance-sheet.component.js.map
D:\DCubeHotelManagement\FinalVersion\DCubeHotelSystem\DCubeHotelSystem\app\dist\out-tsc\app\Model\BalanceSheet.js
D:\DCubeHotelManagement\FinalVersion\DCubeHotelSystem\DCubeHotelSystem\app\dist\out-tsc\app\Model\BalanceSheet.js.map
D:\DCubeHotelManagement\FinalVersion\DCubeHotelSystem\DCubeHotelSystem\app\dist\out-tsc\app\components\Report\BalanceSheet\AccountBalanceSheet.Component.js
D:\DCubeHotelManagement\FinalVersion\DCubeHotelSystem\DCubeHotelSystem\app\dist\out-tsc\app\components\Report\BalanceSheet\AccountBalanceSheet.Component.js.map
D:\DCubeHotelManagement\FinalVersion\DCubeHotelSystem\DCubeHotelSystem\app\dist\out-tsc\app\Model\User\user.js
D:\DCubeHotelManagement\FinalVersion\DCubeHotelSystem\DCubeHotelSystem\app\dist\out-tsc\app\Model\User\user.js.map
D:\DCubeHotelManagement\FinalVersion\DCubeHotelSystem\DCubeHotelSystem\app\dist\out-tsc\app\components\user\user.component.js
D:\DCubeHotelManagement\FinalVersion\DCubeHotelSystem\DCubeHotelSystem\app\dist\out-tsc\app\components\user\user.component.js.map
D:\DCubeHotelManagement\FinalVersion\DCubeHotelSystem\DCubeHotelSystem\app\dist\out-tsc\app\components\login\login.component.js
D:\DCubeHotelManagement\FinalVersion\DCubeHotelSystem\DCubeHotelSystem\app\dist\out-tsc\app\components\login\login.component.js.map
D:\DCubeHotelManagement\FinalVersion\DCubeHotelSystem\DCubeHotelSystem\app\dist\out-tsc\app\Model\Roles\role.js
D:\DCubeHotelManagement\FinalVersion\DCubeHotelSystem\DCubeHotelSystem\app\dist\out-tsc\app\Model\Roles\role.js.map
D:\DCubeHotelManagement\FinalVersion\DCubeHotelSystem\DCubeHotelSystem\app\dist\out-tsc\app\components\role\role.component.js
D:\DCubeHotelManagement\FinalVersion\DCubeHotelSystem\DCubeHotelSystem\app\dist\out-tsc\app\components\role\role.component.js.map
D:\DCubeHotelManagement\FinalVersion\DCubeHotelSystem\DCubeHotelSystem\app\dist\out-tsc\app\Model\User\userRole.js
D:\DCubeHotelManagement\FinalVersion\DCubeHotelSystem\DCubeHotelSystem\app\dist\out-tsc\app\Model\User\userRole.js.map
D:\DCubeHotelManagement\FinalVersion\DCubeHotelSystem\DCubeHotelSystem\app\dist\out-tsc\app\components\role-assign\role-assign.component.js
D:\DCubeHotelManagement\FinalVersion\DCubeHotelSystem\DCubeHotelSystem\app\dist\out-tsc\app\components\role-assign\role-assign.component.js.map
D:\DCubeHotelManagement\FinalVersion\DCubeHotelSystem\DCubeHotelSystem\app\dist\out-tsc\app\components\pos-dashboard-nav\pos-dashboard-nav.component.js
D:\DCubeHotelManagement\FinalVersion\DCubeHotelSystem\DCubeHotelSystem\app\dist\out-tsc\app\components\pos-dashboard-nav\pos-dashboard-nav.component.js.map
D:\DCubeHotelManagement\FinalVersion\DCubeHotelSystem\DCubeHotelSystem\app\dist\out-tsc\app\Model\WareHouse\WareHouse.js
D:\DCubeHotelManagement\FinalVersion\DCubeHotelSystem\DCubeHotelSystem\app\dist\out-tsc\app\Model\WareHouse\WareHouse.js.map
D:\DCubeHotelManagement\FinalVersion\DCubeHotelSystem\DCubeHotelSystem\app\dist\out-tsc\app\components\WareHouse\warehouse.component.js
D:\DCubeHotelManagement\FinalVersion\DCubeHotelSystem\DCubeHotelSystem\app\dist\out-tsc\app\components\WareHouse\warehouse.component.js.map
D:\DCubeHotelManagement\FinalVersion\DCubeHotelSystem\DCubeHotelSystem\app\dist\out-tsc\app\components\WareHouse\WareHouse.js
D:\DCubeHotelManagement\FinalVersion\DCubeHotelSystem\DCubeHotelSystem\app\dist\out-tsc\app\components\WareHouse\WareHouse.js.map
D:\DCubeHotelManagement\FinalVersion\DCubeHotelSystem\DCubeHotelSystem\app\dist\out-tsc\app\components\WareHouse\warehousetype.component.js
D:\DCubeHotelManagement\FinalVersion\DCubeHotelSystem\DCubeHotelSystem\app\dist\out-tsc\app\components\WareHouse\warehousetype.component.js.map
D:\DCubeHotelManagement\FinalVersion\DCubeHotelSystem\DCubeHotelSystem\app\dist\out-tsc\app\models\reservation\customer-type.model.js
D:\DCubeHotelManagement\FinalVersion\DCubeHotelSystem\DCubeHotelSystem\app\dist\out-tsc\app\models\reservation\customer-type.model.js.map
D:\DCubeHotelManagement\FinalVersion\DCubeHotelSystem\DCubeHotelSystem\app\dist\out-tsc\app\components\reservation\customer-type\customer-type.component.js
D:\DCubeHotelManagement\FinalVersion\DCubeHotelSystem\DCubeHotelSystem\app\dist\out-tsc\app\components\reservation\customer-type\customer-type.component.js.map
D:\DCubeHotelManagement\FinalVersion\DCubeHotelSystem\DCubeHotelSystem\app\dist\out-tsc\app\models\reservation\reservation-type.model.js
D:\DCubeHotelManagement\FinalVersion\DCubeHotelSystem\DCubeHotelSystem\app\dist\out-tsc\app\models\reservation\reservation-type.model.js.map
D:\DCubeHotelManagement\FinalVersion\DCubeHotelSystem\DCubeHotelSystem\app\dist\out-tsc\app\components\reservation\reservation-type\reservation-type.component.js
D:\DCubeHotelManagement\FinalVersion\DCubeHotelSystem\DCubeHotelSystem\app\dist\out-tsc\app\components\reservation\reservation-type\reservation-type.component.js.map
D:\DCubeHotelManagement\FinalVersion\DCubeHotelSystem\DCubeHotelSystem\app\dist\out-tsc\app\models\reservation\room-type.model.js
D:\DCubeHotelManagement\FinalVersion\DCubeHotelSystem\DCubeHotelSystem\app\dist\out-tsc\app\models\reservation\room-type.model.js.map
D:\DCubeHotelManagement\FinalVersion\DCubeHotelSystem\DCubeHotelSystem\app\dist\out-tsc\app\components\reservation\room-type\room-type.component.js
D:\DCubeHotelManagement\FinalVersion\DCubeHotelSystem\DCubeHotelSystem\app\dist\out-tsc\app\components\reservation\room-type\room-type.component.js.map
D:\DCubeHotelManagement\FinalVersion\DCubeHotelSystem\DCubeHotelSystem\app\dist\out-tsc\app\models\reservation\payment-type.model.js
D:\DCubeHotelManagement\FinalVersion\DCubeHotelSystem\DCubeHotelSystem\app\dist\out-tsc\app\models\reservation\payment-type.model.js.map
D:\DCubeHotelManagement\FinalVersion\DCubeHotelSystem\DCubeHotelSystem\app\dist\out-tsc\app\components\reservation\payment-type\payment-type.component.js
D:\DCubeHotelManagement\FinalVersion\DCubeHotelSystem\DCubeHotelSystem\app\dist\out-tsc\app\components\reservation\payment-type\payment-type.component.js.map
D:\DCubeHotelManagement\FinalVersion\DCubeHotelSystem\DCubeHotelSystem\app\dist\out-tsc\app\models\reservation\customer.model.js
D:\DCubeHotelManagement\FinalVersion\DCubeHotelSystem\DCubeHotelSystem\app\dist\out-tsc\app\models\reservation\customer.model.js.map
D:\DCubeHotelManagement\FinalVersion\DCubeHotelSystem\DCubeHotelSystem\app\dist\out-tsc\app\components\reservation\customer\customer.component.js
D:\DCubeHotelManagement\FinalVersion\DCubeHotelSystem\DCubeHotelSystem\app\dist\out-tsc\app\components\reservation\customer\customer.component.js.map
D:\DCubeHotelManagement\FinalVersion\DCubeHotelSystem\DCubeHotelSystem\app\dist\out-tsc\app\models\reservation\facility.model.js
D:\DCubeHotelManagement\FinalVersion\DCubeHotelSystem\DCubeHotelSystem\app\dist\out-tsc\app\models\reservation\facility.model.js.map
D:\DCubeHotelManagement\FinalVersion\DCubeHotelSystem\DCubeHotelSystem\app\dist\out-tsc\app\components\reservation\facility\facility.component.js
D:\DCubeHotelManagement\FinalVersion\DCubeHotelSystem\DCubeHotelSystem\app\dist\out-tsc\app\components\reservation\facility\facility.component.js.map
D:\DCubeHotelManagement\FinalVersion\DCubeHotelSystem\DCubeHotelSystem\app\dist\out-tsc\app\models\reservation\reservation.model.js
D:\DCubeHotelManagement\FinalVersion\DCubeHotelSystem\DCubeHotelSystem\app\dist\out-tsc\app\models\reservation\reservation.model.js.map
D:\DCubeHotelManagement\FinalVersion\DCubeHotelSystem\DCubeHotelSystem\app\dist\out-tsc\app\models\reservation\customer-screen.model.js
D:\DCubeHotelManagement\FinalVersion\DCubeHotelSystem\DCubeHotelSystem\app\dist\out-tsc\app\models\reservation\customer-screen.model.js.map
D:\DCubeHotelManagement\FinalVersion\DCubeHotelSystem\DCubeHotelSystem\app\dist\out-tsc\app\components\reservation\reservation\reservation.component.js
D:\DCubeHotelManagement\FinalVersion\DCubeHotelSystem\DCubeHotelSystem\app\dist\out-tsc\app\components\reservation\reservation\reservation.component.js.map
D:\DCubeHotelManagement\FinalVersion\DCubeHotelSystem\DCubeHotelSystem\app\dist\out-tsc\app\components\reservation\ReservationInquiry\ReservationInquiry.component.js
D:\DCubeHotelManagement\FinalVersion\DCubeHotelSystem\DCubeHotelSystem\app\dist\out-tsc\app\components\reservation\ReservationInquiry\ReservationInquiry.component.js.map
D:\DCubeHotelManagement\FinalVersion\DCubeHotelSystem\DCubeHotelSystem\app\dist\out-tsc\app\models\reservation\room-reserved.model.js
D:\DCubeHotelManagement\FinalVersion\DCubeHotelSystem\DCubeHotelSystem\app\dist\out-tsc\app\models\reservation\room-reserved.model.js.map
D:\DCubeHotelManagement\FinalVersion\DCubeHotelSystem\DCubeHotelSystem\app\dist\out-tsc\app\components\reservation\checkin\checkin.component.js
D:\DCubeHotelManagement\FinalVersion\DCubeHotelSystem\DCubeHotelSystem\app\dist\out-tsc\app\components\reservation\checkin\checkin.component.js.map
D:\DCubeHotelManagement\FinalVersion\DCubeHotelSystem\DCubeHotelSystem\app\dist\out-tsc\app\components\reservation\checkout\checkout.component.js
D:\DCubeHotelManagement\FinalVersion\DCubeHotelSystem\DCubeHotelSystem\app\dist\out-tsc\app\components\reservation\checkout\checkout.component.js.map
D:\DCubeHotelManagement\FinalVersion\DCubeHotelSystem\DCubeHotelSystem\app\dist\out-tsc\app\components\ReservationDashboard\ReservationDashboard.component.js
D:\DCubeHotelManagement\FinalVersion\DCubeHotelSystem\DCubeHotelSystem\app\dist\out-tsc\app\components\ReservationDashboard\ReservationDashboard.component.js.map
D:\DCubeHotelManagement\FinalVersion\DCubeHotelSystem\DCubeHotelSystem\app\dist\out-tsc\app\components\ReservationDashboardNav\ReservationDashboardNav.component.js
D:\DCubeHotelManagement\FinalVersion\DCubeHotelSystem\DCubeHotelSystem\app\dist\out-tsc\app\components\ReservationDashboardNav\ReservationDashboardNav.component.js.map
D:\DCubeHotelManagement\FinalVersion\DCubeHotelSystem\DCubeHotelSystem\app\dist\out-tsc\app\services\reservation\room-occupied.services.js
D:\DCubeHotelManagement\FinalVersion\DCubeHotelSystem\DCubeHotelSystem\app\dist\out-tsc\app\services\reservation\room-occupied.services.js.map
D:\DCubeHotelManagement\FinalVersion\DCubeHotelSystem\DCubeHotelSystem\app\dist\out-tsc\app\models\reservation\room-occupied.model.js
D:\DCubeHotelManagement\FinalVersion\DCubeHotelSystem\DCubeHotelSystem\app\dist\out-tsc\app\models\reservation\room-occupied.model.js.map
D:\DCubeHotelManagement\FinalVersion\DCubeHotelSystem\DCubeHotelSystem\app\dist\out-tsc\app\models\reservation\room.model.js
D:\DCubeHotelManagement\FinalVersion\DCubeHotelSystem\DCubeHotelSystem\app\dist\out-tsc\app\models\reservation\room.model.js.map
D:\DCubeHotelManagement\FinalVersion\DCubeHotelSystem\DCubeHotelSystem\app\dist\out-tsc\app\components\reservation\room-occupied\room-occupied.component.js
D:\DCubeHotelManagement\FinalVersion\DCubeHotelSystem\DCubeHotelSystem\app\dist\out-tsc\app\components\reservation\room-occupied\room-occupied.component.js.map
D:\DCubeHotelManagement\FinalVersion\DCubeHotelSystem\DCubeHotelSystem\app\dist\out-tsc\app\components\reservation\room\room.component.js
D:\DCubeHotelManagement\FinalVersion\DCubeHotelSystem\DCubeHotelSystem\app\dist\out-tsc\app\components\reservation\room\room.component.js.map
D:\DCubeHotelManagement\FinalVersion\DCubeHotelSystem\DCubeHotelSystem\app\dist\out-tsc\app\components\kitchen-orders-component\kitchen-orders.component.js
D:\DCubeHotelManagement\FinalVersion\DCubeHotelSystem\DCubeHotelSystem\app\dist\out-tsc\app\components\kitchen-orders-component\kitchen-orders.component.js.map
D:\DCubeHotelManagement\FinalVersion\DCubeHotelSystem\DCubeHotelSystem\app\dist\out-tsc\app\components\kitchen-order-view-component\kitchen-order-view.component.js
D:\DCubeHotelManagement\FinalVersion\DCubeHotelSystem\DCubeHotelSystem\app\dist\out-tsc\app\components\kitchen-order-view-component\kitchen-order-view.component.js.map
D:\DCubeHotelManagement\FinalVersion\DCubeHotelSystem\DCubeHotelSystem\app\dist\out-tsc\app\Service\MasterLedger.service.js
D:\DCubeHotelManagement\FinalVersion\DCubeHotelSystem\DCubeHotelSystem\app\dist\out-tsc\app\Service\MasterLedger.service.js.map
D:\DCubeHotelManagement\FinalVersion\DCubeHotelSystem\DCubeHotelSystem\app\dist\out-tsc\app\Model\MasterLedger\masterLedger.js
D:\DCubeHotelManagement\FinalVersion\DCubeHotelSystem\DCubeHotelSystem\app\dist\out-tsc\app\Model\MasterLedger\masterLedger.js.map
D:\DCubeHotelManagement\FinalVersion\DCubeHotelSystem\DCubeHotelSystem\app\dist\out-tsc\app\components\master-ledger\master-ledger.component.js
D:\DCubeHotelManagement\FinalVersion\DCubeHotelSystem\DCubeHotelSystem\app\dist\out-tsc\app\components\master-ledger\master-ledger.component.js.map
D:\DCubeHotelManagement\FinalVersion\DCubeHotelSystem\DCubeHotelSystem\app\dist\out-tsc\app\components\Menu\MenuItem\MenuCategoryItem.component.js
D:\DCubeHotelManagement\FinalVersion\DCubeHotelSystem\DCubeHotelSystem\app\dist\out-tsc\app\components\Menu\MenuItem\MenuCategoryItem.component.js.map
D:\DCubeHotelManagement\FinalVersion\DCubeHotelSystem\DCubeHotelSystem\app\dist\out-tsc\app\components\Menu\MenuItem\MenuItemPortion\MenuItemPortion.component.js
D:\DCubeHotelManagement\FinalVersion\DCubeHotelSystem\DCubeHotelSystem\app\dist\out-tsc\app\components\Menu\MenuItem\MenuItemPortion\MenuItemPortion.component.js.map
D:\DCubeHotelManagement\FinalVersion\DCubeHotelSystem\DCubeHotelSystem\app\dist\out-tsc\app\components\menu-list\menu-list.component.js
D:\DCubeHotelManagement\FinalVersion\DCubeHotelSystem\DCubeHotelSystem\app\dist\out-tsc\app\components\menu-list\menu-list.component.js.map
D:\DCubeHotelManagement\FinalVersion\DCubeHotelSystem\DCubeHotelSystem\app\dist\out-tsc\app\Model\periodic-consumption-items\periodic-consumption-item.js
D:\DCubeHotelManagement\FinalVersion\DCubeHotelSystem\DCubeHotelSystem\app\dist\out-tsc\app\Model\periodic-consumption-items\periodic-consumption-item.js.map
D:\DCubeHotelManagement\FinalVersion\DCubeHotelSystem\DCubeHotelSystem\app\dist\out-tsc\app\components\periodic-consumption-items\periodic-consumption-item.component.js
D:\DCubeHotelManagement\FinalVersion\DCubeHotelSystem\DCubeHotelSystem\app\dist\out-tsc\app\components\periodic-consumption-items\periodic-consumption-item.component.js.map
D:\DCubeHotelManagement\FinalVersion\DCubeHotelSystem\DCubeHotelSystem\app\dist\out-tsc\app\components\periodic-consumption\periodic-consumption.component.js
D:\DCubeHotelManagement\FinalVersion\DCubeHotelSystem\DCubeHotelSystem\app\dist\out-tsc\app\components\periodic-consumption\periodic-consumption.component.js.map
D:\DCubeHotelManagement\FinalVersion\DCubeHotelSystem\DCubeHotelSystem\app\dist\out-tsc\app\Model\User\userpermission.js
D:\DCubeHotelManagement\FinalVersion\DCubeHotelSystem\DCubeHotelSystem\app\dist\out-tsc\app\Model\User\userpermission.js.map
D:\DCubeHotelManagement\FinalVersion\DCubeHotelSystem\DCubeHotelSystem\app\dist\out-tsc\app\components\user-permission\user-permission.component.js
D:\DCubeHotelManagement\FinalVersion\DCubeHotelSystem\DCubeHotelSystem\app\dist\out-tsc\app\components\user-permission\user-permission.component.js.map
D:\DCubeHotelManagement\FinalVersion\DCubeHotelSystem\DCubeHotelSystem\app\dist\out-tsc\app\components\company\company.component.js
D:\DCubeHotelManagement\FinalVersion\DCubeHotelSystem\DCubeHotelSystem\app\dist\out-tsc\app\components\company\company.component.js.map
D:\DCubeHotelManagement\FinalVersion\DCubeHotelSystem\DCubeHotelSystem\app\dist\out-tsc\app\components\dashboard-nav\DashboardNavigation.component.js
D:\DCubeHotelManagement\FinalVersion\DCubeHotelSystem\DCubeHotelSystem\app\dist\out-tsc\app\components\dashboard-nav\DashboardNavigation.component.js.map
D:\DCubeHotelManagement\FinalVersion\DCubeHotelSystem\DCubeHotelSystem\app\dist\out-tsc\app\components\FinancialYear\FinancialYear.component.js
D:\DCubeHotelManagement\FinalVersion\DCubeHotelSystem\DCubeHotelSystem\app\dist\out-tsc\app\components\FinancialYear\FinancialYear.component.js.map
D:\DCubeHotelManagement\FinalVersion\DCubeHotelSystem\DCubeHotelSystem\app\dist\out-tsc\app\components\reservation\room-reserved\room-reserved.component.js
D:\DCubeHotelManagement\FinalVersion\DCubeHotelSystem\DCubeHotelSystem\app\dist\out-tsc\app\components\reservation\room-reserved\room-reserved.component.js.map
D:\DCubeHotelManagement\FinalVersion\DCubeHotelSystem\DCubeHotelSystem\app\dist\out-tsc\app\components\credit-note\cerdit-note.component.js
D:\DCubeHotelManagement\FinalVersion\DCubeHotelSystem\DCubeHotelSystem\app\dist\out-tsc\app\components\credit-note\cerdit-note.component.js.map
D:\DCubeHotelManagement\FinalVersion\DCubeHotelSystem\DCubeHotelSystem\app\dist\out-tsc\app\components\debit-note\debit-note.component.js
D:\DCubeHotelManagement\FinalVersion\DCubeHotelSystem\DCubeHotelSystem\app\dist\out-tsc\app\components\debit-note\debit-note.component.js.map
D:\DCubeHotelManagement\FinalVersion\DCubeHotelSystem\DCubeHotelSystem\app\dist\out-tsc\app\components\role-assign\role-name\role-name.component.js
D:\DCubeHotelManagement\FinalVersion\DCubeHotelSystem\DCubeHotelSystem\app\dist\out-tsc\app\components\role-assign\role-name\role-name.component.js.map
D:\DCubeHotelManagement\FinalVersion\DCubeHotelSystem\DCubeHotelSystem\app\dist\out-tsc\app\components\rolemodule\rolemodule.component.js
D:\DCubeHotelManagement\FinalVersion\DCubeHotelSystem\DCubeHotelSystem\app\dist\out-tsc\app\components\rolemodule\rolemodule.component.js.map
D:\DCubeHotelManagement\FinalVersion\DCubeHotelSystem\DCubeHotelSystem\app\dist\out-tsc\app\components\printer-commands\PrinterCommandsComponent.js
D:\DCubeHotelManagement\FinalVersion\DCubeHotelSystem\DCubeHotelSystem\app\dist\out-tsc\app\components\printer-commands\PrinterCommandsComponent.js.map
D:\DCubeHotelManagement\FinalVersion\DCubeHotelSystem\DCubeHotelSystem\app\dist\out-tsc\app\Service\Order.service.js
D:\DCubeHotelManagement\FinalVersion\DCubeHotelSystem\DCubeHotelSystem\app\dist\out-tsc\app\Service\Order.service.js.map
D:\DCubeHotelManagement\FinalVersion\DCubeHotelSystem\DCubeHotelSystem\app\dist\out-tsc\app\app.module.js
D:\DCubeHotelManagement\FinalVersion\DCubeHotelSystem\DCubeHotelSystem\app\dist\out-tsc\app\app.module.js.map
D:\DCubeHotelManagement\FinalVersion\DCubeHotelSystem\DCubeHotelSystem\app\dist\out-tsc\main.js
D:\DCubeHotelManagement\FinalVersion\DCubeHotelSystem\DCubeHotelSystem\app\dist\out-tsc\main.js.map
D:\DCubeHotelManagement\FinalVersion\DCubeHotelSystem\DCubeHotelSystem\app\dist\out-tsc\polyfills.js
D:\DCubeHotelManagement\FinalVersion\DCubeHotelSystem\DCubeHotelSystem\app\dist\out-tsc\polyfills.js.map
D:\DCubeHotelManagement\FinalVersion\DCubeHotelSystem\DCubeHotelSystem\app\dist\out-tsc\test.js
D:\DCubeHotelManagement\FinalVersion\DCubeHotelSystem\DCubeHotelSystem\app\dist\out-tsc\test.js.map
D:\DCubeHotelManagement\FinalVersion\DCubeHotelSystem\DCubeHotelSystem\app\dist\out-tsc\environments\environment.prod.js
D:\DCubeHotelManagement\FinalVersion\DCubeHotelSystem\DCubeHotelSystem\app\dist\out-tsc\environments\environment.prod.js.map
D:\DCubeHotelManagement\FinalVersion\DCubeHotelSystem\DCubeHotelSystem\app\dist\out-tsc\app\mocks\customers.mock.js
D:\DCubeHotelManagement\FinalVersion\DCubeHotelSystem\DCubeHotelSystem\app\dist\out-tsc\app\mocks\customers.mock.js.map
D:\DCubeHotelManagement\FinalVersion\DCubeHotelSystem\DCubeHotelSystem\app\dist\out-tsc\app\mocks\menu-category.mock.js
D:\DCubeHotelManagement\FinalVersion\DCubeHotelSystem\DCubeHotelSystem\app\dist\out-tsc\app\mocks\menu-category.mock.js.map
D:\DCubeHotelManagement\FinalVersion\DCubeHotelSystem\DCubeHotelSystem\app\dist\out-tsc\app\mocks\menu-list.mock .js
D:\DCubeHotelManagement\FinalVersion\DCubeHotelSystem\DCubeHotelSystem\app\dist\out-tsc\app\mocks\menu-list.mock .js.map
D:\DCubeHotelManagement\FinalVersion\DCubeHotelSystem\DCubeHotelSystem\app\dist\out-tsc\app\mocks\menus.mock .js
D:\DCubeHotelManagement\FinalVersion\DCubeHotelSystem\DCubeHotelSystem\app\dist\out-tsc\app\mocks\menus.mock .js.map
D:\DCubeHotelManagement\FinalVersion\DCubeHotelSystem\DCubeHotelSystem\app\dist\out-tsc\app\mocks\products.mock.js
D:\DCubeHotelManagement\FinalVersion\DCubeHotelSystem\DCubeHotelSystem\app\dist\out-tsc\app\mocks\products.mock.js.map
D:\DCubeHotelManagement\FinalVersion\DCubeHotelSystem\DCubeHotelSystem\app\dist\out-tsc\app\mocks\tables.mock.js
D:\DCubeHotelManagement\FinalVersion\DCubeHotelSystem\DCubeHotelSystem\app\dist\out-tsc\app\mocks\tables.mock.js.map
D:\DCubeHotelManagement\FinalVersion\DCubeHotelSystem\DCubeHotelSystem\app\dist\out-tsc\app\mocks\vendors.mock.js
D:\DCubeHotelManagement\FinalVersion\DCubeHotelSystem\DCubeHotelSystem\app\dist\out-tsc\app\mocks\vendors.mock.js.map
D:\DCubeHotelManagement\FinalVersion\DCubeHotelSystem\DCubeHotelSystem\app\dist\out-tsc\app\Model\MasterLedger.js
D:\DCubeHotelManagement\FinalVersion\DCubeHotelSystem\DCubeHotelSystem\app\dist\out-tsc\app\Model\MasterLedger.js.map
D:\DCubeHotelManagement\FinalVersion\DCubeHotelSystem\DCubeHotelSystem\app\dist\out-tsc\app\Model\Order.js
D:\DCubeHotelManagement\FinalVersion\DCubeHotelSystem\DCubeHotelSystem\app\dist\out-tsc\app\Model\Order.js.map
D:\DCubeHotelManagement\FinalVersion\DCubeHotelSystem\DCubeHotelSystem\app\dist\out-tsc\app\Model\Supplier.js
D:\DCubeHotelManagement\FinalVersion\DCubeHotelSystem\DCubeHotelSystem\app\dist\out-tsc\app\Model\Supplier.js.map
D:\DCubeHotelManagement\FinalVersion\DCubeHotelSystem\DCubeHotelSystem\app\dist\out-tsc\app\models\financial.model.js
D:\DCubeHotelManagement\FinalVersion\DCubeHotelSystem\DCubeHotelSystem\app\dist\out-tsc\app\models\financial.model.js.map
D:\DCubeHotelManagement\FinalVersion\DCubeHotelSystem\DCubeHotelSystem\app\dist\out-tsc\app\models\receipt.model.js
D:\DCubeHotelManagement\FinalVersion\DCubeHotelSystem\DCubeHotelSystem\app\dist\out-tsc\app\models\receipt.model.js.map
D:\DCubeHotelManagement\FinalVersion\DCubeHotelSystem\DCubeHotelSystem\app\dist\out-tsc\app\reducers\message.reducer.js
D:\DCubeHotelManagement\FinalVersion\DCubeHotelSystem\DCubeHotelSystem\app\dist\out-tsc\app\reducers\message.reducer.js.map
D:\DCubeHotelManagement\FinalVersion\DCubeHotelSystem\DCubeHotelSystem\app\dist\out-tsc\app\Service\InventoryIssue.service.js
D:\DCubeHotelManagement\FinalVersion\DCubeHotelSystem\DCubeHotelSystem\app\dist\out-tsc\app\Service\InventoryIssue.service.js.map
D:\DCubeHotelManagement\FinalVersion\DCubeHotelSystem\DCubeHotelSystem\app\dist\out-tsc\app\Service\Supplier.service.js
D:\DCubeHotelManagement\FinalVersion\DCubeHotelSystem\DCubeHotelSystem\app\dist\out-tsc\app\Service\Supplier.service.js.map
D:\DCubeHotelManagement\FinalVersion\DCubeHotelSystem\DCubeHotelSystem\app\dist\out-tsc\app\Service\warehouse-type.service.js
D:\DCubeHotelManagement\FinalVersion\DCubeHotelSystem\DCubeHotelSystem\app\dist\out-tsc\app\Service\warehouse-type.service.js.map
D:\DCubeHotelManagement\FinalVersion\DCubeHotelSystem\DCubeHotelSystem\app\dist\out-tsc\app\Service\warehouse.service.js
D:\DCubeHotelManagement\FinalVersion\DCubeHotelSystem\DCubeHotelSystem\app\dist\out-tsc\app\Service\warehouse.service.js.map
D:\DCubeHotelManagement\FinalVersion\DCubeHotelSystem\DCubeHotelSystem\app\dist\out-tsc\app\components\permission\permission.component.js
D:\DCubeHotelManagement\FinalVersion\DCubeHotelSystem\DCubeHotelSystem\app\dist\out-tsc\app\components\permission\permission.component.js.map
D:\DCubeHotelManagement\FinalVersion\DCubeHotelSystem\DCubeHotelSystem\app\dist\out-tsc\app\Model\Menu\Table.js
D:\DCubeHotelManagement\FinalVersion\DCubeHotelSystem\DCubeHotelSystem\app\dist\out-tsc\app\Model\Menu\Table.js.map
D:\DCubeHotelManagement\FinalVersion\DCubeHotelSystem\DCubeHotelSystem\app\dist\out-tsc\app\Model\Roles\rolemodule.js
D:\DCubeHotelManagement\FinalVersion\DCubeHotelSystem\DCubeHotelSystem\app\dist\out-tsc\app\Model\Roles\rolemodule.js.map
D:\DCubeHotelManagement\FinalVersion\DCubeHotelSystem\DCubeHotelSystem\app\dist\out-tsc\app\models\reservation\reservation-detail.model.js
D:\DCubeHotelManagement\FinalVersion\DCubeHotelSystem\DCubeHotelSystem\app\dist\out-tsc\app\models\reservation\reservation-detail.model.js.map
D:\DCubeHotelManagement\FinalVersion\DCubeHotelSystem\DCubeHotelSystem\app\dist\out-tsc\app\models\reservation\reservation-screen.model.js
D:\DCubeHotelManagement\FinalVersion\DCubeHotelSystem\DCubeHotelSystem\app\dist\out-tsc\app\models\reservation\reservation-screen.model.js.map
D:\DCubeHotelManagement\FinalVersion\DCubeHotelSystem\DCubeHotelSystem\app\dist\out-tsc\app\models\reservation\room-hosted-screen.model.js
D:\DCubeHotelManagement\FinalVersion\DCubeHotelSystem\DCubeHotelSystem\app\dist\out-tsc\app\models\reservation\room-hosted-screen.model.js.map
D:\DCubeHotelManagement\FinalVersion\DCubeHotelSystem\DCubeHotelSystem\app\dist\out-tsc\app\models\reservation\room-hosted.model.js
D:\DCubeHotelManagement\FinalVersion\DCubeHotelSystem\DCubeHotelSystem\app\dist\out-tsc\app\models\reservation\room-hosted.model.js.map
D:\DCubeHotelManagement\FinalVersion\DCubeHotelSystem\DCubeHotelSystem\app\dist\out-tsc\app\models\reservation\room-occupied-screen.model.js
D:\DCubeHotelManagement\FinalVersion\DCubeHotelSystem\DCubeHotelSystem\app\dist\out-tsc\app\models\reservation\room-occupied-screen.model.js.map
D:\DCubeHotelManagement\FinalVersion\DCubeHotelSystem\DCubeHotelSystem\app\dist\out-tsc\app\models\reservation\room-reserved-screen.model.js
D:\DCubeHotelManagement\FinalVersion\DCubeHotelSystem\DCubeHotelSystem\app\dist\out-tsc\app\models\reservation\room-reserved-screen.model.js.map
D:\DCubeHotelManagement\FinalVersion\DCubeHotelSystem\DCubeHotelSystem\app\dist\out-tsc\app\models\reservation\room-screen.model.js
D:\DCubeHotelManagement\FinalVersion\DCubeHotelSystem\DCubeHotelSystem\app\dist\out-tsc\app\models\reservation\room-screen.model.js.map
D:\DCubeHotelManagement\FinalVersion\DCubeHotelSystem\DCubeHotelSystem\app\dist\out-tsc\app\models\reservation\room.js
D:\DCubeHotelManagement\FinalVersion\DCubeHotelSystem\DCubeHotelSystem\app\dist\out-tsc\app\models\reservation\room.js.map
